# JRE version: Java(TM) SE Runtime Environment (21.0.10+8) (build 21.0.10+8-LTS-217)
# Java VM: Java HotSpot(TM) 64-Bit Server VM (21.0.10+8-LTS-217, mixed mode, emulated-client, sharing, tiered, compressed oops, compressed class ptrs, g1 gc, windows-amd64)
GC Precious Log:
 CardTable entry size: 512
 Card Set container configuration: InlinePtr #cards 5 size 8 Array Of Cards #cards 12 size 40 Howl #buckets 4 coarsen threshold 1843 Howl Bitmap #cards 512 size 80 coarsen threshold 460 Card regions per heap region 1 cards per card region 2048
 CPUs: 8 total, 8 available
 Memory: 7985M
 Large Page Support: Disabled
 NUMA Support: Disabled
 Compressed Oops: Enabled (32-bit)
 Heap Region Size: 1M
 Heap Min Capacity: 8M
 Heap Initial Capacity: 126M
 Heap Max Capacity: 1998M
 Pre-touch: Disabled
 Parallel Workers: 8
 Concurrent Workers: 2
 Concurrent Refinement Workers: 8
 Periodic GC: Disabled
Heap:
 garbage-first heap   total 86016K, used 53023K [0x0000000083200000, 0x0000000100000000)
  region size 1024K, 2 young (2048K), 1 survivors (1024K)
 Metaspace       used 57583K, committed 59264K, reserved 1114112K
  class space    used 8175K, committed 8768K, reserved 1048576K
GC Heap History (20 events):
Event: 3175.766 GC heap before
{Heap before GC invocations=21 (full 0):
 garbage-first heap   total 80896K, used 74217K [0x0000000083200000, 0x0000000100000000)
  region size 1024K, 30 young (30720K), 1 survivors (1024K)
 Metaspace       used 56751K, committed 57984K, reserved 1114112K
  class space    used 8045K, committed 8512K, reserved 1048576K
}
Event: 3176.010 GC heap after
{Heap after GC invocations=22 (full 0):
 garbage-first heap   total 80896K, used 40356K [0x0000000083200000, 0x0000000100000000)
  region size 1024K, 1 young (1024K), 1 survivors (1024K)
 Metaspace       used 56751K, committed 57984K, reserved 1114112K
  class space    used 8045K, committed 8512K, reserved 1048576K
}
Event: 3432.329 GC heap before
{Heap before GC invocations=22 (full 0):
 garbage-first heap   total 80896K, used 51620K [0x0000000083200000, 0x0000000100000000)
  region size 1024K, 13 young (13312K), 1 survivors (1024K)
 Metaspace       used 56939K, committed 57984K, reserved 1114112K
  class space    used 8087K, committed 8512K, reserved 1048576K
}
Event: 3435.005 GC heap after
{Heap after GC invocations=23 (full 1):
 garbage-first heap   total 80896K, used 29538K [0x0000000083200000, 0x0000000100000000)
  region size 1024K, 0 young (0K), 0 survivors (0K)
 Metaspace       used 56884K, committed 57984K, reserved 1114112K
  class space    used 8073K, committed 8512K, reserved 1048576K
}
Event: 3444.548 GC heap before
{Heap before GC invocations=23 (full 1):
 garbage-first heap   total 80896K, used 68450K [0x0000000083200000, 0x0000000100000000)
  region size 1024K, 39 young (39936K), 0 survivors (0K)
 Metaspace       used 56918K, committed 57984K, reserved 1114112K
  class space    used 8082K, committed 8512K, reserved 1048576K
}
Event: 3444.562 GC heap after
{Heap after GC invocations=24 (full 1):
 garbage-first heap   total 80896K, used 33348K [0x0000000083200000, 0x0000000100000000)
  region size 1024K, 4 young (4096K), 4 survivors (4096K)
 Metaspace       used 56918K, committed 57984K, reserved 1114112K
  class space    used 8082K, committed 8512K, reserved 1048576K
}
Event: 3446.347 GC heap before
{Heap before GC invocations=25 (full 1):
 garbage-first heap   total 80896K, used 69188K [0x0000000083200000, 0x0000000100000000)
  region size 1024K, 38 young (38912K), 4 survivors (4096K)
 Metaspace       used 57140K, committed 58048K, reserved 1114112K
  class space    used 8116K, committed 8512K, reserved 1048576K
}
Event: 3446.360 GC heap after
{Heap after GC invocations=26 (full 1):
 garbage-first heap   total 80896K, used 36974K [0x0000000083200000, 0x0000000100000000)
  region size 1024K, 4 young (4096K), 4 survivors (4096K)
 Metaspace       used 57140K, committed 58048K, reserved 1114112K
  class space    used 8116K, committed 8512K, reserved 1048576K
}
Event: 3495.281 GC heap before
{Heap before GC invocations=26 (full 1):
 garbage-first heap   total 80896K, used 67694K [0x0000000083200000, 0x0000000100000000)
  region size 1024K, 34 young (34816K), 4 survivors (4096K)
 Metaspace       used 57764K, committed 58688K, reserved 1114112K
  class space    used 8252K, committed 8640K, reserved 1048576K
}
Event: 3495.806 GC heap after
{Heap after GC invocations=27 (full 1):
 garbage-first heap   total 80896K, used 41101K [0x0000000083200000, 0x0000000100000000)
  region size 1024K, 5 young (5120K), 5 survivors (5120K)
 Metaspace       used 57764K, committed 58688K, reserved 1114112K
  class space    used 8252K, committed 8640K, reserved 1048576K
}
Event: 3505.138 GC heap before
{Heap before GC invocations=27 (full 1):
 garbage-first heap   total 80896K, used 66701K [0x0000000083200000, 0x0000000100000000)
  region size 1024K, 31 young (31744K), 5 survivors (5120K)
 Metaspace       used 57781K, committed 58688K, reserved 1114112K
  class space    used 8255K, committed 8640K, reserved 1048576K
}
Event: 3505.179 GC heap after
{Heap after GC invocations=28 (full 1):
 garbage-first heap   total 80896K, used 44883K [0x0000000083200000, 0x0000000100000000)
  region size 1024K, 4 young (4096K), 4 survivors (4096K)
 Metaspace       used 57781K, committed 58688K, reserved 1114112K
  class space    used 8255K, committed 8640K, reserved 1048576K
}
Event: 3508.018 GC heap before
{Heap before GC invocations=29 (full 1):
 garbage-first heap   total 86016K, used 68435K [0x0000000083200000, 0x0000000100000000)
  region size 1024K, 27 young (27648K), 4 survivors (4096K)
 Metaspace       used 57692K, committed 58688K, reserved 1114112K
  class space    used 8229K, committed 8640K, reserved 1048576K
}
Event: 3508.025 GC heap after
{Heap after GC invocations=30 (full 1):
 garbage-first heap   total 86016K, used 46257K [0x0000000083200000, 0x0000000100000000)
  region size 1024K, 3 young (3072K), 3 survivors (3072K)
 Metaspace       used 57692K, committed 58688K, reserved 1114112K
  class space    used 8229K, committed 8640K, reserved 1048576K
}
Event: 3509.677 GC heap before
{Heap before GC invocations=30 (full 1):
 garbage-first heap   total 86016K, used 70833K [0x0000000083200000, 0x0000000100000000)
  region size 1024K, 27 young (27648K), 3 survivors (3072K)
 Metaspace       used 57960K, committed 58944K, reserved 1114112K
  class space    used 8280K, committed 8704K, reserved 1048576K
}
Event: 3509.683 GC heap after
{Heap after GC invocations=31 (full 1):
 garbage-first heap   total 86016K, used 48568K [0x0000000083200000, 0x0000000100000000)
  region size 1024K, 3 young (3072K), 3 survivors (3072K)
 Metaspace       used 57960K, committed 58944K, reserved 1114112K
  class space    used 8280K, committed 8704K, reserved 1048576K
}
Event: 3513.538 GC heap before
{Heap before GC invocations=31 (full 1):
 garbage-first heap   total 86016K, used 75192K [0x0000000083200000, 0x0000000100000000)
  region size 1024K, 29 young (29696K), 3 survivors (3072K)
 Metaspace       used 58199K, committed 59264K, reserved 1114112K
  class space    used 8329K, committed 8768K, reserved 1048576K
}
Event: 3513.552 GC heap after
{Heap after GC invocations=32 (full 1):
 garbage-first heap   total 86016K, used 51703K [0x0000000083200000, 0x0000000100000000)
  region size 1024K, 4 young (4096K), 4 survivors (4096K)
 Metaspace       used 58199K, committed 59264K, reserved 1114112K
  class space    used 8329K, committed 8768K, reserved 1048576K
}
Event: 3784.877 GC heap before
{Heap before GC invocations=32 (full 1):
 garbage-first heap   total 86016K, used 75255K [0x0000000083200000, 0x0000000100000000)
  region size 1024K, 27 young (27648K), 4 survivors (4096K)
 Metaspace       used 58204K, committed 59264K, reserved 1114112K
  class space    used 8331K, committed 8768K, reserved 1048576K
}
Event: 3785.743 GC heap after
{Heap after GC invocations=33 (full 1):
 garbage-first heap   total 86016K, used 53023K [0x0000000083200000, 0x0000000100000000)
  region size 1024K, 1 young (1024K), 1 survivors (1024K)
 Metaspace       used 58204K, committed 59264K, reserved 1114112K
  class space    used 8331K, committed 8768K, reserved 1048576K
}

