# JRE version: OpenJDK Runtime Environment Temurin-21.0.10+7 (21.0.10+7) (build 21.0.10+7-LTS)
# Java VM: OpenJDK 64-Bit Server VM Temurin-21.0.10+7 (21.0.10+7-LTS, mixed mode, emulated-client, sharing, tiered, compressed oops, compressed class ptrs, g1 gc, windows-amd64)
GC Precious Log:
 CardTable entry size: 512
 Card Set container configuration: InlinePtr #cards 5 size 8 Array Of Cards #cards 12 size 40 Howl #buckets 4 coarsen threshold 1843 Howl Bitmap #cards 512 size 80 coarsen threshold 460 Card regions per heap region 1 cards per card region 2048
 CPUs: 4 total, 4 available
 Memory: 8030M
 Large Page Support: Disabled
 NUMA Support: Disabled
 Compressed Oops: Enabled (32-bit)
 Heap Region Size: 1M
 Heap Min Capacity: 8M
 Heap Initial Capacity: 126M
 Heap Max Capacity: 2008M
 Pre-touch: Disabled
 Parallel Workers: 4
 Concurrent Workers: 1
 Concurrent Refinement Workers: 4
 Periodic GC: Disabled
Heap:
 garbage-first heap   total 101376K, used 42433K [0x0000000082800000, 0x0000000100000000)
  region size 1024K, 1 young (1024K), 1 survivors (1024K)
 Metaspace       used 70416K, committed 71232K, reserved 1114112K
  class space    used 10285K, committed 10624K, reserved 1048576K
GC Heap History (20 events):
Event: 11793.593 GC heap after
{Heap after GC invocations=86 (full 0):
 garbage-first heap   total 101376K, used 42519K [0x0000000082800000, 0x0000000100000000)
  region size 1024K, 1 young (1024K), 1 survivors (1024K)
 Metaspace       used 70174K, committed 71040K, reserved 1114112K
  class space    used 10203K, committed 10560K, reserved 1048576K
}
Event: 11823.809 GC heap before
{Heap before GC invocations=86 (full 0):
 garbage-first heap   total 101376K, used 45591K [0x0000000082800000, 0x0000000100000000)
  region size 1024K, 4 young (4096K), 1 survivors (1024K)
 Metaspace       used 70174K, committed 71040K, reserved 1114112K
  class space    used 10203K, committed 10560K, reserved 1048576K
}
Event: 11823.817 GC heap after
{Heap after GC invocations=87 (full 0):
 garbage-first heap   total 101376K, used 41944K [0x0000000082800000, 0x0000000100000000)
  region size 1024K, 1 young (1024K), 1 survivors (1024K)
 Metaspace       used 70174K, committed 71040K, reserved 1114112K
  class space    used 10203K, committed 10560K, reserved 1048576K
}
Event: 11854.533 GC heap before
{Heap before GC invocations=87 (full 0):
 garbage-first heap   total 101376K, used 45016K [0x0000000082800000, 0x0000000100000000)
  region size 1024K, 4 young (4096K), 1 survivors (1024K)
 Metaspace       used 70174K, committed 71040K, reserved 1114112K
  class space    used 10203K, committed 10560K, reserved 1048576K
}
Event: 11854.546 GC heap after
{Heap after GC invocations=88 (full 0):
 garbage-first heap   total 101376K, used 41820K [0x0000000082800000, 0x0000000100000000)
  region size 1024K, 1 young (1024K), 1 survivors (1024K)
 Metaspace       used 70174K, committed 71040K, reserved 1114112K
  class space    used 10203K, committed 10560K, reserved 1048576K
}
Event: 12372.883 GC heap before
{Heap before GC invocations=88 (full 0):
 garbage-first heap   total 101376K, used 94044K [0x0000000082800000, 0x0000000100000000)
  region size 1024K, 52 young (53248K), 1 survivors (1024K)
 Metaspace       used 70174K, committed 71040K, reserved 1114112K
  class space    used 10203K, committed 10560K, reserved 1048576K
}
Event: 12374.825 GC heap after
{Heap after GC invocations=89 (full 0):
 garbage-first heap   total 101376K, used 41802K [0x0000000082800000, 0x0000000100000000)
  region size 1024K, 1 young (1024K), 1 survivors (1024K)
 Metaspace       used 70174K, committed 71040K, reserved 1114112K
  class space    used 10203K, committed 10560K, reserved 1048576K
}
Event: 30615.453 GC heap before
{Heap before GC invocations=90 (full 0):
 garbage-first heap   total 101376K, used 44874K [0x0000000082800000, 0x0000000100000000)
  region size 1024K, 4 young (4096K), 1 survivors (1024K)
 Metaspace       used 70174K, committed 71040K, reserved 1114112K
  class space    used 10203K, committed 10560K, reserved 1048576K
}
Event: 30616.714 GC heap after
{Heap after GC invocations=91 (full 0):
 garbage-first heap   total 101376K, used 41798K [0x0000000082800000, 0x0000000100000000)
  region size 1024K, 1 young (1024K), 1 survivors (1024K)
 Metaspace       used 70174K, committed 71040K, reserved 1114112K
  class space    used 10203K, committed 10560K, reserved 1048576K
}
Event: 30635.984 GC heap before
{Heap before GC invocations=91 (full 0):
 garbage-first heap   total 101376K, used 44870K [0x0000000082800000, 0x0000000100000000)
  region size 1024K, 4 young (4096K), 1 survivors (1024K)
 Metaspace       used 70189K, committed 71040K, reserved 1114112K
  class space    used 10208K, committed 10560K, reserved 1048576K
}
Event: 30636.623 GC heap after
{Heap after GC invocations=92 (full 0):
 garbage-first heap   total 101376K, used 41617K [0x0000000082800000, 0x0000000100000000)
  region size 1024K, 1 young (1024K), 1 survivors (1024K)
 Metaspace       used 70189K, committed 71040K, reserved 1114112K
  class space    used 10208K, committed 10560K, reserved 1048576K
}
Event: 30668.728 GC heap before
{Heap before GC invocations=92 (full 0):
 garbage-first heap   total 101376K, used 44689K [0x0000000082800000, 0x0000000100000000)
  region size 1024K, 4 young (4096K), 1 survivors (1024K)
 Metaspace       used 70204K, committed 71040K, reserved 1114112K
  class space    used 10213K, committed 10560K, reserved 1048576K
}
Event: 30669.574 GC heap after
{Heap after GC invocations=93 (full 0):
 garbage-first heap   total 101376K, used 41737K [0x0000000082800000, 0x0000000100000000)
  region size 1024K, 1 young (1024K), 1 survivors (1024K)
 Metaspace       used 70204K, committed 71040K, reserved 1114112K
  class space    used 10213K, committed 10560K, reserved 1048576K
}
Event: 30684.291 GC heap before
{Heap before GC invocations=94 (full 0):
 garbage-first heap   total 101376K, used 44809K [0x0000000082800000, 0x0000000100000000)
  region size 1024K, 4 young (4096K), 1 survivors (1024K)
 Metaspace       used 70257K, committed 71040K, reserved 1114112K
  class space    used 10242K, committed 10560K, reserved 1048576K
}
Event: 30684.404 GC heap after
{Heap after GC invocations=95 (full 0):
 garbage-first heap   total 101376K, used 42044K [0x0000000082800000, 0x0000000100000000)
  region size 1024K, 1 young (1024K), 1 survivors (1024K)
 Metaspace       used 70257K, committed 71040K, reserved 1114112K
  class space    used 10242K, committed 10560K, reserved 1048576K
}
Event: 30703.226 GC heap before
{Heap before GC invocations=95 (full 0):
 garbage-first heap   total 101376K, used 45116K [0x0000000082800000, 0x0000000100000000)
  region size 1024K, 4 young (4096K), 1 survivors (1024K)
 Metaspace       used 70289K, committed 71040K, reserved 1114112K
  class space    used 10257K, committed 10560K, reserved 1048576K
}
Event: 30703.710 GC heap after
{Heap after GC invocations=96 (full 0):
 garbage-first heap   total 101376K, used 42106K [0x0000000082800000, 0x0000000100000000)
  region size 1024K, 1 young (1024K), 1 survivors (1024K)
 Metaspace       used 70289K, committed 71040K, reserved 1114112K
  class space    used 10257K, committed 10560K, reserved 1048576K
}
Event: 30720.069 GC heap before
{Heap before GC invocations=96 (full 0):
 garbage-first heap   total 101376K, used 44154K [0x0000000082800000, 0x0000000100000000)
  region size 1024K, 4 young (4096K), 1 survivors (1024K)
 Metaspace       used 70349K, committed 71104K, reserved 1114112K
  class space    used 10267K, committed 10560K, reserved 1048576K
}
Event: 30720.367 GC heap after
{Heap after GC invocations=97 (full 0):
 garbage-first heap   total 101376K, used 42376K [0x0000000082800000, 0x0000000100000000)
  region size 1024K, 1 young (1024K), 1 survivors (1024K)
 Metaspace       used 70349K, committed 71104K, reserved 1114112K
  class space    used 10267K, committed 10560K, reserved 1048576K
}
Event: 30726.951 GC heap before
{Heap before GC invocations=97 (full 0):
 garbage-first heap   total 101376K, used 44424K [0x0000000082800000, 0x0000000100000000)
  region size 1024K, 4 young (4096K), 1 survivors (1024K)
 Metaspace       used 70416K, committed 71232K, reserved 1114112K
  class space    used 10285K, committed 10624K, reserved 1048576K
}

