# JRE version: OpenJDK Runtime Environment Temurin-21.0.10+7 (21.0.10+7) (build 21.0.10+7-LTS)
# Java VM: OpenJDK 64-Bit Server VM Temurin-21.0.10+7 (21.0.10+7-LTS, mixed mode, sharing, tiered, compressed oops, compressed class ptrs, g1 gc, windows-amd64)
GC Precious Log:
 CardTable entry size: 512
 Card Set container configuration: InlinePtr #cards 5 size 8 Array Of Cards #cards 12 size 40 Howl #buckets 4 coarsen threshold 1843 Howl Bitmap #cards 512 size 80 coarsen threshold 460 Card regions per heap region 1 cards per card region 2048
 CPUs: 4 total, 4 available
 Memory: 8030M
 Large Page Support: Disabled
 NUMA Support: Disabled
 Compressed Oops: Enabled (32-bit)
 Heap Region Size: 1M
 Heap Min Capacity: 8M
 Heap Initial Capacity: 126M
 Heap Max Capacity: 2008M
 Pre-touch: Disabled
 Parallel Workers: 4
 Concurrent Workers: 1
 Concurrent Refinement Workers: 4
 Periodic GC: Disabled
Heap:
 garbage-first heap   total 129024K, used 82660K [0x0000000082800000, 0x0000000100000000)
  region size 1024K, 71 young (72704K), 6 survivors (6144K)
 Metaspace       used 17035K, committed 17280K, reserved 1114112K
  class space    used 1913K, committed 1984K, reserved 1048576K
GC Heap History (8 events):
Event: 14.397 GC heap before
{Heap before GC invocations=0 (full 0):
 garbage-first heap   total 129024K, used 13312K [0x0000000082800000, 0x0000000100000000)
  region size 1024K, 13 young (13312K), 0 survivors (0K)
 Metaspace       used 3541K, committed 3712K, reserved 1114112K
  class space    used 361K, committed 448K, reserved 1048576K
}
Event: 14.471 GC heap after
{Heap after GC invocations=1 (full 0):
 garbage-first heap   total 129024K, used 3242K [0x0000000082800000, 0x0000000100000000)
  region size 1024K, 2 young (2048K), 2 survivors (2048K)
 Metaspace       used 3541K, committed 3712K, reserved 1114112K
  class space    used 361K, committed 448K, reserved 1048576K
}
Event: 17.674 GC heap before
{Heap before GC invocations=1 (full 0):
 garbage-first heap   total 129024K, used 19626K [0x0000000082800000, 0x0000000100000000)
  region size 1024K, 18 young (18432K), 2 survivors (2048K)
 Metaspace       used 6111K, committed 6272K, reserved 1114112K
  class space    used 716K, committed 832K, reserved 1048576K
}
Event: 17.680 GC heap after
{Heap after GC invocations=2 (full 0):
 garbage-first heap   total 129024K, used 4271K [0x0000000082800000, 0x0000000100000000)
  region size 1024K, 1 young (1024K), 1 survivors (1024K)
 Metaspace       used 6111K, committed 6272K, reserved 1114112K
  class space    used 716K, committed 832K, reserved 1048576K
}
Event: 48.759 GC heap before
{Heap before GC invocations=2 (full 0):
 garbage-first heap   total 129024K, used 79023K [0x0000000082800000, 0x0000000100000000)
  region size 1024K, 75 young (76800K), 1 survivors (1024K)
 Metaspace       used 15570K, committed 15808K, reserved 1114112K
  class space    used 1852K, committed 1920K, reserved 1048576K
}
Event: 48.776 GC heap after
{Heap after GC invocations=3 (full 0):
 garbage-first heap   total 129024K, used 11365K [0x0000000082800000, 0x0000000100000000)
  region size 1024K, 8 young (8192K), 8 survivors (8192K)
 Metaspace       used 15570K, committed 15808K, reserved 1114112K
  class space    used 1852K, committed 1920K, reserved 1048576K
}
Event: 182.718 GC heap before
{Heap before GC invocations=3 (full 0):
 garbage-first heap   total 129024K, used 79973K [0x0000000082800000, 0x0000000100000000)
  region size 1024K, 75 young (76800K), 8 survivors (8192K)
 Metaspace       used 16561K, committed 16832K, reserved 1114112K
  class space    used 1899K, committed 1984K, reserved 1048576K
}
Event: 182.836 GC heap after
{Heap after GC invocations=4 (full 0):
 garbage-first heap   total 129024K, used 17124K [0x0000000082800000, 0x0000000100000000)
  region size 1024K, 6 young (6144K), 6 survivors (6144K)
 Metaspace       used 16561K, committed 16832K, reserved 1114112K
  class space    used 1899K, committed 1984K, reserved 1048576K
}

